[debug] [2021-06-27T04:16:13.043Z] ----------------------------------------------------------------------
[debug] [2021-06-27T04:16:13.045Z] Command:       /usr/local/bin/node /usr/local/bin/firebase emulators:start
[debug] [2021-06-27T04:16:13.046Z] CLI Version:   9.14.0
[debug] [2021-06-27T04:16:13.046Z] Platform:      darwin
[debug] [2021-06-27T04:16:13.046Z] Node Version:  v14.17.0
[debug] [2021-06-27T04:16:13.047Z] Time:          Sun Jun 27 2021 00:16:13 GMT-0400 (Eastern Daylight Time)
[debug] [2021-06-27T04:16:13.047Z] ----------------------------------------------------------------------
[debug] 
[debug] [2021-06-27T04:16:13.056Z] > command requires scopes: ["email","openid","https://www.googleapis.com/auth/cloudplatformprojects.readonly","https://www.googleapis.com/auth/firebase","https://www.googleapis.com/auth/cloud-platform"]
[debug] [2021-06-27T04:16:13.057Z] > authorizing via signed-in user (pasarela70@gmail.com)
[info] i  emulators: Starting emulators: functions, hosting {"metadata":{"emulator":{"name":"hub"},"message":"Starting emulators: functions, hosting"}}
[debug] [2021-06-27T04:16:13.121Z] [hub] writing locator at /var/folders/gm/ymr8qxf576zcpshqhdjw4yh40000gn/T/hub-pell-mell.json
[warn] ⚠  functions: The following emulators are not running, calls to these services from the Functions emulator will affect production: auth, firestore, database, pubsub, storage {"metadata":{"emulator":{"name":"functions"},"message":"The following emulators are not running, calls to these services from the Functions emulator will affect production: \u001b[1mauth, firestore, database, pubsub, storage\u001b[22m"}}
[info] ✔  functions: Using node@14 from host. {"metadata":{"emulator":{"name":"functions"},"message":"Using node@14 from host."}}
[debug] [2021-06-27T04:16:13.187Z] defaultcredentials: writing to file /Users/aitassouabdelkader/.config/firebase/pasarela70_gmail_com_application_default_credentials.json
[debug] [2021-06-27T04:16:13.196Z] Setting GAC to /Users/aitassouabdelkader/.config/firebase/pasarela70_gmail_com_application_default_credentials.json {"metadata":{"emulator":{"name":"functions"},"message":"Setting GAC to /Users/aitassouabdelkader/.config/firebase/pasarela70_gmail_com_application_default_credentials.json"}}
[debug] [2021-06-27T04:16:13.201Z] > refreshing access token with scopes: []
[debug] [2021-06-27T04:16:13.202Z] >>> HTTP REQUEST POST https://www.googleapis.com/oauth2/v3/token  
 <request body omitted>
[debug] [2021-06-27T04:16:13.310Z] <<< HTTP RESPONSE 200 {"cache-control":"no-cache, no-store, max-age=0, must-revalidate","pragma":"no-cache","expires":"Mon, 01 Jan 1990 00:00:00 GMT","date":"Sun, 27 Jun 2021 04:16:13 GMT","content-type":"application/json; charset=utf-8","vary":"X-Origin, Referer, Origin,Accept-Encoding","server":"scaffolding on HTTPServer2","x-xss-protection":"0","x-frame-options":"SAMEORIGIN","x-content-type-options":"nosniff","alt-svc":"h3=\":443\"; ma=2592000,h3-29=\":443\"; ma=2592000,h3-T051=\":443\"; ma=2592000,h3-Q050=\":443\"; ma=2592000,h3-Q046=\":443\"; ma=2592000,h3-Q043=\":443\"; ma=2592000,quic=\":443\"; ma=2592000; v=\"46,43\"","accept-ranges":"none","transfer-encoding":"chunked"}
[debug] [2021-06-27T04:16:13.356Z] >>> [apiv2][query] GET https://firebase.googleapis.com/v1beta1/projects/pell-mell/adminSdkConfig [none]
[debug] [2021-06-27T04:16:13.620Z] <<< [apiv2][status] GET https://firebase.googleapis.com/v1beta1/projects/pell-mell/adminSdkConfig 200
[debug] [2021-06-27T04:16:13.620Z] <<< [apiv2][body] GET https://firebase.googleapis.com/v1beta1/projects/pell-mell/adminSdkConfig {"projectId":"pell-mell","databaseURL":"https://pell-mell-default-rtdb.firebaseio.com","storageBucket":"pell-mell.appspot.com","locationId":"us-central"}
[debug] [2021-06-27T04:16:13.912Z] >>> [apiv2][query] GET https://firebasehosting.googleapis.com/v1beta1/projects/pell-mell/sites 
[debug] [2021-06-27T04:16:14.323Z] <<< [apiv2][status] GET https://firebasehosting.googleapis.com/v1beta1/projects/pell-mell/sites 200
[debug] [2021-06-27T04:16:14.323Z] <<< [apiv2][body] GET https://firebasehosting.googleapis.com/v1beta1/projects/pell-mell/sites {"sites":[{"name":"projects/927887726538/sites/pell-mell","defaultUrl":"https://pell-mell.web.app","appId":"1:927887726538:web:06a0b31df34b0f930ba133","type":"DEFAULT_SITE"}]}
[debug] [2021-06-27T04:16:14.323Z] >>> [apiv2][query] GET https://firebase.googleapis.com/v1beta1/projects/pell-mell/webApps/1:927887726538:web:06a0b31df34b0f930ba133/config [none]
[debug] [2021-06-27T04:16:14.731Z] <<< [apiv2][status] GET https://firebase.googleapis.com/v1beta1/projects/pell-mell/webApps/1:927887726538:web:06a0b31df34b0f930ba133/config 200
[debug] [2021-06-27T04:16:14.731Z] <<< [apiv2][body] GET https://firebase.googleapis.com/v1beta1/projects/pell-mell/webApps/1:927887726538:web:06a0b31df34b0f930ba133/config {"projectId":"pell-mell","appId":"1:927887726538:web:06a0b31df34b0f930ba133","databaseURL":"https://pell-mell-default-rtdb.firebaseio.com","storageBucket":"pell-mell.appspot.com","locationId":"us-central","apiKey":"AIzaSyBibTuQHpt4Ih_vJPCEYG8ipq72GkLuKnc","authDomain":"pell-mell.firebaseapp.com","messagingSenderId":"927887726538"}
[info] i  hosting: Serving hosting files from: build {"metadata":{"emulator":{"name":"hosting"},"message":"Serving hosting files from: \u001b[1mbuild\u001b[22m"}}
[info] ✔  hosting: Local server: http://localhost:5000 {"metadata":{"emulator":{"name":"hosting"},"message":"Local server: \u001b[4m\u001b[1mhttp://localhost:5000\u001b[22m\u001b[24m"}}
[debug] [2021-06-27T04:16:15.033Z] Ignoring unsupported arg: auto_download {"metadata":{"emulator":{"name":"ui"},"message":"Ignoring unsupported arg: auto_download"}}
[debug] [2021-06-27T04:16:15.033Z] Ignoring unsupported arg: port {"metadata":{"emulator":{"name":"ui"},"message":"Ignoring unsupported arg: port"}}
[debug] [2021-06-27T04:16:15.033Z] Starting Emulator UI with command {"binary":"node","args":["/Users/aitassouabdelkader/.cache/firebase/emulators/ui-v1.5.0/server.bundle.js"],"optionalArgs":[],"joinArgs":false} {"metadata":{"emulator":{"name":"ui"},"message":"Starting Emulator UI with command {\"binary\":\"node\",\"args\":[\"/Users/aitassouabdelkader/.cache/firebase/emulators/ui-v1.5.0/server.bundle.js\"],\"optionalArgs\":[],\"joinArgs\":false}"}}
[info] i  ui: Emulator UI logging to ui-debug.log {"metadata":{"emulator":{"name":"ui"},"message":"Emulator UI logging to \u001b[1mui-debug.log\u001b[22m"}}
[debug] [2021-06-27T04:16:15.301Z] Web / API server started at http://localhost:4000
 {"metadata":{"emulator":{"name":"ui"},"message":"Web / API server started at http://localhost:4000\n"}}
[info] i  functions: Watching "/Users/aitassouabdelkader/Downloads/_MERN_PROJECTS/pell-mell/functions" for Cloud Functions... {"metadata":{"emulator":{"name":"functions"},"message":"Watching \"/Users/aitassouabdelkader/Downloads/_MERN_PROJECTS/pell-mell/functions\" for Cloud Functions..."}}
[debug] [2021-06-27T04:16:15.349Z] [worker-pool] addWorker(~diagnostic~) {"metadata":{"emulator":{"name":"functions"},"message":"[worker-pool] addWorker(~diagnostic~)"}}
[debug] [2021-06-27T04:16:15.352Z] [worker-pool] Adding worker with key ~diagnostic~, total=1 {"metadata":{"emulator":{"name":"functions"},"message":"[worker-pool] Adding worker with key ~diagnostic~, total=1"}}
[debug] [2021-06-27T04:16:15.353Z] [worker-pool] submitWork(triggerId=) {"metadata":{"emulator":{"name":"functions"},"message":"[worker-pool] submitWork(triggerId=)"}}
[debug] [2021-06-27T04:16:15.353Z] [worker-~diagnostic~-3f85d283-6ca6-41d7-99ab-35fad69a33c7]: Assigning socketPath: /var/folders/gm/ymr8qxf576zcpshqhdjw4yh40000gn/T/fire_emu_37669.sock {"metadata":{"emulator":{"name":"functions"},"message":"[worker-~diagnostic~-3f85d283-6ca6-41d7-99ab-35fad69a33c7]: Assigning socketPath: /var/folders/gm/ymr8qxf576zcpshqhdjw4yh40000gn/T/fire_emu_37669.sock"}}
[debug] [2021-06-27T04:16:15.354Z] [worker-~diagnostic~-3f85d283-6ca6-41d7-99ab-35fad69a33c7]: BUSY {"metadata":{"emulator":{"name":"functions"},"message":"[worker-~diagnostic~-3f85d283-6ca6-41d7-99ab-35fad69a33c7]: BUSY"}}
[debug] [2021-06-27T04:16:15.631Z] [runtime-status] [37669] Functions runtime initialized. {"cwd":"/Users/aitassouabdelkader/Downloads/_MERN_PROJECTS/pell-mell/functions","node_version":"14.17.0"} {"metadata":{"emulator":{"name":"functions"},"message":"[runtime-status] [37669] Functions runtime initialized. {\"cwd\":\"/Users/aitassouabdelkader/Downloads/_MERN_PROJECTS/pell-mell/functions\",\"node_version\":\"14.17.0\"}"}}
[debug] [2021-06-27T04:16:15.635Z] [runtime-status] [37669] Disabled runtime features: undefined {"metadata":{"emulator":{"name":"functions"},"message":"[runtime-status] [37669] Disabled runtime features: undefined"}}
[debug] [2021-06-27T04:16:15.639Z] [runtime-status] [37669] Resolved module firebase-admin {"declared":true,"installed":true,"version":"9.10.0","resolution":"/Users/aitassouabdelkader/Downloads/_MERN_PROJECTS/pell-mell/functions/node_modules/firebase-admin/lib/index.js"} {"metadata":{"emulator":{"name":"functions"},"message":"[runtime-status] [37669] Resolved module firebase-admin {\"declared\":true,\"installed\":true,\"version\":\"9.10.0\",\"resolution\":\"/Users/aitassouabdelkader/Downloads/_MERN_PROJECTS/pell-mell/functions/node_modules/firebase-admin/lib/index.js\"}"}}
[debug] [2021-06-27T04:16:15.641Z] [runtime-status] [37669] Resolved module firebase-functions {"declared":true,"installed":true,"version":"3.14.1","resolution":"/Users/aitassouabdelkader/Downloads/_MERN_PROJECTS/pell-mell/functions/node_modules/firebase-functions/lib/index.js"} {"metadata":{"emulator":{"name":"functions"},"message":"[runtime-status] [37669] Resolved module firebase-functions {\"declared\":true,\"installed\":true,\"version\":\"3.14.1\",\"resolution\":\"/Users/aitassouabdelkader/Downloads/_MERN_PROJECTS/pell-mell/functions/node_modules/firebase-functions/lib/index.js\"}"}}
[debug] [2021-06-27T04:16:15.643Z] [runtime-status] [37669] Resolved module firebase-functions {"declared":true,"installed":true,"version":"3.14.1","resolution":"/Users/aitassouabdelkader/Downloads/_MERN_PROJECTS/pell-mell/functions/node_modules/firebase-functions/lib/index.js"} {"metadata":{"emulator":{"name":"functions"},"message":"[runtime-status] [37669] Resolved module firebase-functions {\"declared\":true,\"installed\":true,\"version\":\"3.14.1\",\"resolution\":\"/Users/aitassouabdelkader/Downloads/_MERN_PROJECTS/pell-mell/functions/node_modules/firebase-functions/lib/index.js\"}"}}
[debug] [2021-06-27T04:16:15.645Z] [runtime-status] [37669] Outgoing network have been stubbed. [{"name":"http","status":"mocked"},{"name":"http","status":"mocked"},{"name":"https","status":"mocked"},{"name":"https","status":"mocked"},{"name":"net","status":"mocked"}] {"metadata":{"emulator":{"name":"functions"},"message":"[runtime-status] [37669] Outgoing network have been stubbed. [{\"name\":\"http\",\"status\":\"mocked\"},{\"name\":\"http\",\"status\":\"mocked\"},{\"name\":\"https\",\"status\":\"mocked\"},{\"name\":\"https\",\"status\":\"mocked\"},{\"name\":\"net\",\"status\":\"mocked\"}]"}}
[debug] [2021-06-27T04:16:15.645Z] [runtime-status] [37669] Resolved module firebase-functions {"declared":true,"installed":true,"version":"3.14.1","resolution":"/Users/aitassouabdelkader/Downloads/_MERN_PROJECTS/pell-mell/functions/node_modules/firebase-functions/lib/index.js"} {"metadata":{"emulator":{"name":"functions"},"message":"[runtime-status] [37669] Resolved module firebase-functions {\"declared\":true,\"installed\":true,\"version\":\"3.14.1\",\"resolution\":\"/Users/aitassouabdelkader/Downloads/_MERN_PROJECTS/pell-mell/functions/node_modules/firebase-functions/lib/index.js\"}"}}
[debug] [2021-06-27T04:16:15.711Z] [runtime-status] [37669] Checked functions.config() {"config":{}} {"metadata":{"emulator":{"name":"functions"},"message":"[runtime-status] [37669] Checked functions.config() {\"config\":{}}"}}
[debug] [2021-06-27T04:16:15.712Z] [runtime-status] [37669] firebase-functions has been stubbed. {"functionsResolution":{"declared":true,"installed":true,"version":"3.14.1","resolution":"/Users/aitassouabdelkader/Downloads/_MERN_PROJECTS/pell-mell/functions/node_modules/firebase-functions/lib/index.js"}} {"metadata":{"emulator":{"name":"functions"},"message":"[runtime-status] [37669] firebase-functions has been stubbed. {\"functionsResolution\":{\"declared\":true,\"installed\":true,\"version\":\"3.14.1\",\"resolution\":\"/Users/aitassouabdelkader/Downloads/_MERN_PROJECTS/pell-mell/functions/node_modules/firebase-functions/lib/index.js\"}}"}}
[debug] [2021-06-27T04:16:15.712Z] [runtime-status] [37669] Resolved module firebase-functions {"declared":true,"installed":true,"version":"3.14.1","resolution":"/Users/aitassouabdelkader/Downloads/_MERN_PROJECTS/pell-mell/functions/node_modules/firebase-functions/lib/index.js"} {"metadata":{"emulator":{"name":"functions"},"message":"[runtime-status] [37669] Resolved module firebase-functions {\"declared\":true,\"installed\":true,\"version\":\"3.14.1\",\"resolution\":\"/Users/aitassouabdelkader/Downloads/_MERN_PROJECTS/pell-mell/functions/node_modules/firebase-functions/lib/index.js\"}"}}
[debug] [2021-06-27T04:16:15.716Z] [runtime-status] [37669] Resolved module firebase-admin {"declared":true,"installed":true,"version":"9.10.0","resolution":"/Users/aitassouabdelkader/Downloads/_MERN_PROJECTS/pell-mell/functions/node_modules/firebase-admin/lib/index.js"} {"metadata":{"emulator":{"name":"functions"},"message":"[runtime-status] [37669] Resolved module firebase-admin {\"declared\":true,\"installed\":true,\"version\":\"9.10.0\",\"resolution\":\"/Users/aitassouabdelkader/Downloads/_MERN_PROJECTS/pell-mell/functions/node_modules/firebase-admin/lib/index.js\"}"}}
[debug] [2021-06-27T04:16:15.717Z] [runtime-status] [37669] Resolved module firebase-functions {"declared":true,"installed":true,"version":"3.14.1","resolution":"/Users/aitassouabdelkader/Downloads/_MERN_PROJECTS/pell-mell/functions/node_modules/firebase-functions/lib/index.js"} {"metadata":{"emulator":{"name":"functions"},"message":"[runtime-status] [37669] Resolved module firebase-functions {\"declared\":true,\"installed\":true,\"version\":\"3.14.1\",\"resolution\":\"/Users/aitassouabdelkader/Downloads/_MERN_PROJECTS/pell-mell/functions/node_modules/firebase-functions/lib/index.js\"}"}}
[debug] [2021-06-27T04:16:15.717Z] [runtime-status] [37669] firebase-admin has been stubbed. {"adminResolution":{"declared":true,"installed":true,"version":"9.10.0","resolution":"/Users/aitassouabdelkader/Downloads/_MERN_PROJECTS/pell-mell/functions/node_modules/firebase-admin/lib/index.js"}} {"metadata":{"emulator":{"name":"functions"},"message":"[runtime-status] [37669] firebase-admin has been stubbed. {\"adminResolution\":{\"declared\":true,\"installed\":true,\"version\":\"9.10.0\",\"resolution\":\"/Users/aitassouabdelkader/Downloads/_MERN_PROJECTS/pell-mell/functions/node_modules/firebase-admin/lib/index.js\"}}"}}
[info] ✔  functions[us-central1-api]: http function initialized (http://localhost:5001/pell-mell/us-central1/api). {"metadata":{"emulator":{"name":"functions"},"message":"\u001b[1mhttp\u001b[22m function initialized (http://localhost:5001/pell-mell/us-central1/api)."}}
[info] 
┌─────────────────────────────────────────────────────────────┐
│ ✔  All emulators ready! It is now safe to connect your app. │
│ i  View Emulator UI at http://localhost:4000                │
└─────────────────────────────────────────────────────────────┘

┌───────────┬────────────────┬─────────────────────────────────┐
│ Emulator  │ Host:Port      │ View in Emulator UI             │
├───────────┼────────────────┼─────────────────────────────────┤
│ Functions │ localhost:5001 │ http://localhost:4000/functions │
├───────────┼────────────────┼─────────────────────────────────┤
│ Hosting   │ localhost:5000 │ n/a                             │
└───────────┴────────────────┴─────────────────────────────────┘
  Emulator Hub running at localhost:4400
  Other reserved ports: 4500

Issues? Report them at https://github.com/firebase/firebase-tools/issues and attach the *-debug.log files.
 
[debug] [2021-06-27T04:16:15.977Z] [worker-~diagnostic~-3f85d283-6ca6-41d7-99ab-35fad69a33c7]: IDLE {"metadata":{"emulator":{"name":"functions"},"message":"[worker-~diagnostic~-3f85d283-6ca6-41d7-99ab-35fad69a33c7]: IDLE"}}
[debug] [2021-06-27T04:16:40.965Z] [work-queue] {"queueLength":1,"workRunningCount":0}
[debug] [2021-06-27T04:16:40.965Z] [work-queue] {"queueLength":0,"workRunningCount":1}
[debug] [2021-06-27T04:16:40.966Z] Accepted request POST /pell-mell/us-central1/api/payments/create?total=13000 --> us-central1-api
[debug] [2021-06-27T04:16:40.989Z] [worker-pool] addWorker(us-central1-api) {"metadata":{"emulator":{"name":"functions"},"message":"[worker-pool] addWorker(us-central1-api)"}}
[debug] [2021-06-27T04:16:40.990Z] [worker-pool] Adding worker with key us-central1-api, total=1 {"metadata":{"emulator":{"name":"functions"},"message":"[worker-pool] Adding worker with key us-central1-api, total=1"}}
[debug] [2021-06-27T04:16:40.990Z] [worker-pool] submitWork(triggerId=us-central1-api) {"metadata":{"emulator":{"name":"functions"},"message":"[worker-pool] submitWork(triggerId=us-central1-api)"}}
[debug] [2021-06-27T04:16:40.990Z] [worker-us-central1-api-96b22636-0146-45dd-a4bb-2992bf212390]: Assigning socketPath: /var/folders/gm/ymr8qxf576zcpshqhdjw4yh40000gn/T/fire_emu_37729.sock {"metadata":{"emulator":{"name":"functions"},"message":"[worker-us-central1-api-96b22636-0146-45dd-a4bb-2992bf212390]: Assigning socketPath: /var/folders/gm/ymr8qxf576zcpshqhdjw4yh40000gn/T/fire_emu_37729.sock"}}
[debug] [2021-06-27T04:16:40.990Z] [worker-us-central1-api-96b22636-0146-45dd-a4bb-2992bf212390]: BUSY {"metadata":{"emulator":{"name":"functions"},"message":"[worker-us-central1-api-96b22636-0146-45dd-a4bb-2992bf212390]: BUSY"}}
[debug] [2021-06-27T04:16:41.601Z] [runtime-status] [37729] Functions runtime initialized. {"cwd":"/Users/aitassouabdelkader/Downloads/_MERN_PROJECTS/pell-mell/functions","node_version":"14.17.0"} {"metadata":{"emulator":{"name":"functions"},"function":{"name":"us-central1-api"},"message":"[runtime-status] [37729] Functions runtime initialized. {\"cwd\":\"/Users/aitassouabdelkader/Downloads/_MERN_PROJECTS/pell-mell/functions\",\"node_version\":\"14.17.0\"}"}}
[debug] [2021-06-27T04:16:41.604Z] [runtime-status] [37729] Disabled runtime features: undefined {"metadata":{"emulator":{"name":"functions"},"function":{"name":"us-central1-api"},"message":"[runtime-status] [37729] Disabled runtime features: undefined"}}
[debug] [2021-06-27T04:16:41.615Z] [runtime-status] [37729] Resolved module firebase-admin {"declared":true,"installed":true,"version":"9.10.0","resolution":"/Users/aitassouabdelkader/Downloads/_MERN_PROJECTS/pell-mell/functions/node_modules/firebase-admin/lib/index.js"} {"metadata":{"emulator":{"name":"functions"},"function":{"name":"us-central1-api"},"message":"[runtime-status] [37729] Resolved module firebase-admin {\"declared\":true,\"installed\":true,\"version\":\"9.10.0\",\"resolution\":\"/Users/aitassouabdelkader/Downloads/_MERN_PROJECTS/pell-mell/functions/node_modules/firebase-admin/lib/index.js\"}"}}
[debug] [2021-06-27T04:16:41.617Z] [runtime-status] [37729] Resolved module firebase-functions {"declared":true,"installed":true,"version":"3.14.1","resolution":"/Users/aitassouabdelkader/Downloads/_MERN_PROJECTS/pell-mell/functions/node_modules/firebase-functions/lib/index.js"} {"metadata":{"emulator":{"name":"functions"},"function":{"name":"us-central1-api"},"message":"[runtime-status] [37729] Resolved module firebase-functions {\"declared\":true,\"installed\":true,\"version\":\"3.14.1\",\"resolution\":\"/Users/aitassouabdelkader/Downloads/_MERN_PROJECTS/pell-mell/functions/node_modules/firebase-functions/lib/index.js\"}"}}
[debug] [2021-06-27T04:16:41.619Z] [runtime-status] [37729] Resolved module firebase-functions {"declared":true,"installed":true,"version":"3.14.1","resolution":"/Users/aitassouabdelkader/Downloads/_MERN_PROJECTS/pell-mell/functions/node_modules/firebase-functions/lib/index.js"} {"metadata":{"emulator":{"name":"functions"},"function":{"name":"us-central1-api"},"message":"[runtime-status] [37729] Resolved module firebase-functions {\"declared\":true,\"installed\":true,\"version\":\"3.14.1\",\"resolution\":\"/Users/aitassouabdelkader/Downloads/_MERN_PROJECTS/pell-mell/functions/node_modules/firebase-functions/lib/index.js\"}"}}
[debug] [2021-06-27T04:16:41.622Z] [runtime-status] [37729] Outgoing network have been stubbed. [{"name":"http","status":"mocked"},{"name":"http","status":"mocked"},{"name":"https","status":"mocked"},{"name":"https","status":"mocked"},{"name":"net","status":"mocked"}] {"metadata":{"emulator":{"name":"functions"},"function":{"name":"us-central1-api"},"message":"[runtime-status] [37729] Outgoing network have been stubbed. [{\"name\":\"http\",\"status\":\"mocked\"},{\"name\":\"http\",\"status\":\"mocked\"},{\"name\":\"https\",\"status\":\"mocked\"},{\"name\":\"https\",\"status\":\"mocked\"},{\"name\":\"net\",\"status\":\"mocked\"}]"}}
[debug] [2021-06-27T04:16:41.625Z] [runtime-status] [37729] Resolved module firebase-functions {"declared":true,"installed":true,"version":"3.14.1","resolution":"/Users/aitassouabdelkader/Downloads/_MERN_PROJECTS/pell-mell/functions/node_modules/firebase-functions/lib/index.js"} {"metadata":{"emulator":{"name":"functions"},"function":{"name":"us-central1-api"},"message":"[runtime-status] [37729] Resolved module firebase-functions {\"declared\":true,\"installed\":true,\"version\":\"3.14.1\",\"resolution\":\"/Users/aitassouabdelkader/Downloads/_MERN_PROJECTS/pell-mell/functions/node_modules/firebase-functions/lib/index.js\"}"}}
[debug] [2021-06-27T04:16:41.708Z] [runtime-status] [37729] Checked functions.config() {"config":{}} {"metadata":{"emulator":{"name":"functions"},"function":{"name":"us-central1-api"},"message":"[runtime-status] [37729] Checked functions.config() {\"config\":{}}"}}
[debug] [2021-06-27T04:16:41.709Z] [runtime-status] [37729] firebase-functions has been stubbed. {"functionsResolution":{"declared":true,"installed":true,"version":"3.14.1","resolution":"/Users/aitassouabdelkader/Downloads/_MERN_PROJECTS/pell-mell/functions/node_modules/firebase-functions/lib/index.js"}} {"metadata":{"emulator":{"name":"functions"},"function":{"name":"us-central1-api"},"message":"[runtime-status] [37729] firebase-functions has been stubbed. {\"functionsResolution\":{\"declared\":true,\"installed\":true,\"version\":\"3.14.1\",\"resolution\":\"/Users/aitassouabdelkader/Downloads/_MERN_PROJECTS/pell-mell/functions/node_modules/firebase-functions/lib/index.js\"}}"}}
[debug] [2021-06-27T04:16:41.711Z] [runtime-status] [37729] Resolved module firebase-functions {"declared":true,"installed":true,"version":"3.14.1","resolution":"/Users/aitassouabdelkader/Downloads/_MERN_PROJECTS/pell-mell/functions/node_modules/firebase-functions/lib/index.js"} {"metadata":{"emulator":{"name":"functions"},"function":{"name":"us-central1-api"},"message":"[runtime-status] [37729] Resolved module firebase-functions {\"declared\":true,\"installed\":true,\"version\":\"3.14.1\",\"resolution\":\"/Users/aitassouabdelkader/Downloads/_MERN_PROJECTS/pell-mell/functions/node_modules/firebase-functions/lib/index.js\"}"}}
[debug] [2021-06-27T04:16:41.716Z] [runtime-status] [37729] Resolved module firebase-admin {"declared":true,"installed":true,"version":"9.10.0","resolution":"/Users/aitassouabdelkader/Downloads/_MERN_PROJECTS/pell-mell/functions/node_modules/firebase-admin/lib/index.js"} {"metadata":{"emulator":{"name":"functions"},"function":{"name":"us-central1-api"},"message":"[runtime-status] [37729] Resolved module firebase-admin {\"declared\":true,\"installed\":true,\"version\":\"9.10.0\",\"resolution\":\"/Users/aitassouabdelkader/Downloads/_MERN_PROJECTS/pell-mell/functions/node_modules/firebase-admin/lib/index.js\"}"}}
[debug] [2021-06-27T04:16:41.716Z] [runtime-status] [37729] Resolved module firebase-functions {"declared":true,"installed":true,"version":"3.14.1","resolution":"/Users/aitassouabdelkader/Downloads/_MERN_PROJECTS/pell-mell/functions/node_modules/firebase-functions/lib/index.js"} {"metadata":{"emulator":{"name":"functions"},"function":{"name":"us-central1-api"},"message":"[runtime-status] [37729] Resolved module firebase-functions {\"declared\":true,\"installed\":true,\"version\":\"3.14.1\",\"resolution\":\"/Users/aitassouabdelkader/Downloads/_MERN_PROJECTS/pell-mell/functions/node_modules/firebase-functions/lib/index.js\"}"}}
[debug] [2021-06-27T04:16:41.717Z] [runtime-status] [37729] firebase-admin has been stubbed. {"adminResolution":{"declared":true,"installed":true,"version":"9.10.0","resolution":"/Users/aitassouabdelkader/Downloads/_MERN_PROJECTS/pell-mell/functions/node_modules/firebase-admin/lib/index.js"}} {"metadata":{"emulator":{"name":"functions"},"function":{"name":"us-central1-api"},"message":"[runtime-status] [37729] firebase-admin has been stubbed. {\"adminResolution\":{\"declared\":true,\"installed\":true,\"version\":\"9.10.0\",\"resolution\":\"/Users/aitassouabdelkader/Downloads/_MERN_PROJECTS/pell-mell/functions/node_modules/firebase-admin/lib/index.js\"}}"}}
[debug] [2021-06-27T04:16:41.945Z] [runtime-status] [37729] Trigger "us-central1-api" has been found, beginning invocation! {"metadata":{"emulator":{"name":"functions"},"function":{"name":"us-central1-api"},"message":"[runtime-status] [37729] Trigger \"us-central1-api\" has been found, beginning invocation!"}}
[info] i  functions: Beginning execution of "us-central1-api" {"metadata":{"emulator":{"name":"functions"},"function":{"name":"us-central1-api"},"message":"Beginning execution of \"us-central1-api\""}}
[debug] [2021-06-27T04:16:41.946Z] [runtime-status] [37729] triggerDefinition {"httpsTrigger":{},"name":"api","entryPoint":"api","regions":["us-central1"],"region":"us-central1","id":"us-central1-api"} {"metadata":{"emulator":{"name":"functions"},"function":{"name":"us-central1-api"},"message":"[runtime-status] [37729] triggerDefinition {\"httpsTrigger\":{},\"name\":\"api\",\"entryPoint\":\"api\",\"regions\":[\"us-central1\"],\"region\":\"us-central1\",\"id\":\"us-central1-api\"}"}}
[debug] [2021-06-27T04:16:41.947Z] [runtime-status] [37729] Running us-central1-api in mode HTTPS {"metadata":{"emulator":{"name":"functions"},"function":{"name":"us-central1-api"},"message":"[runtime-status] [37729] Running us-central1-api in mode HTTPS"}}
[debug] [2021-06-27T04:16:41.952Z] [runtime-status] [37729] Attempting to listen to socketPath: /var/folders/gm/ymr8qxf576zcpshqhdjw4yh40000gn/T/fire_emu_37729.sock {"metadata":{"emulator":{"name":"functions"},"function":{"name":"us-central1-api"},"message":"[runtime-status] [37729] Attempting to listen to socketPath: /var/folders/gm/ymr8qxf576zcpshqhdjw4yh40000gn/T/fire_emu_37729.sock"}}
[debug] [2021-06-27T04:16:41.957Z] [functions] Runtime ready! Sending request! {"metadata":{"emulator":{"name":"functions"},"message":"[functions] Runtime ready! Sending request!"}}
[debug] [2021-06-27T04:16:41.958Z] [functions] Got req.url=/pell-mell/us-central1/api/payments/create?total=13000, mapping to path=/payments/create?total=13000 {"metadata":{"emulator":{"name":"functions"},"message":"[functions] Got req.url=/pell-mell/us-central1/api/payments/create?total=13000, mapping to path=/payments/create?total=13000"}}
[debug] [2021-06-27T04:16:41.983Z] [runtime-status] [37729] Ephemeral server handling POST request {"metadata":{"emulator":{"name":"functions"},"function":{"name":"us-central1-api"},"message":"[runtime-status] [37729] Ephemeral server handling POST request"}}
[info] >  Payment Request Received BOOM!!! for this amount >>>  13000 {"user":"Payment Request Received BOOM!!! for this amount >>>  13000","metadata":{"emulator":{"name":"functions"},"function":{"name":"us-central1-api"},"message":"\u001b[90m> \u001b[39m Payment Request Received BOOM!!! for this amount >>>  13000"}}
[debug] [2021-06-27T04:16:42.006Z] [runtime-status] [37729] Ephemeral server survived. {"metadata":{"emulator":{"name":"functions"},"function":{"name":"us-central1-api"},"message":"[runtime-status] [37729] Ephemeral server survived."}}
[info] i  functions: Finished "us-central1-api" in ~1s {"metadata":{"emulator":{"name":"functions"},"function":{"name":"us-central1-api"},"message":"Finished \"us-central1-api\" in ~1s"}}
[debug] [2021-06-27T04:16:42.496Z] [worker-us-central1-api-96b22636-0146-45dd-a4bb-2992bf212390]: IDLE {"metadata":{"emulator":{"name":"functions"},"message":"[worker-us-central1-api-96b22636-0146-45dd-a4bb-2992bf212390]: IDLE"}}
[debug] [2021-06-27T04:16:42.497Z] [work-queue] {"queueLength":0,"workRunningCount":0}
[debug] [2021-06-27T04:20:59.196Z] [work-queue] {"queueLength":1,"workRunningCount":0}
[debug] [2021-06-27T04:20:59.197Z] [work-queue] {"queueLength":0,"workRunningCount":1}
[debug] [2021-06-27T04:20:59.197Z] Accepted request POST /pell-mell/us-central1/api/payments/create?total=27099 --> us-central1-api
[debug] [2021-06-27T04:20:59.197Z] [worker-pool] submitWork(triggerId=us-central1-api) {"metadata":{"emulator":{"name":"functions"},"message":"[worker-pool] submitWork(triggerId=us-central1-api)"}}
[debug] [2021-06-27T04:20:59.197Z] [worker-us-central1-api-96b22636-0146-45dd-a4bb-2992bf212390]: Assigning socketPath: /var/folders/gm/ymr8qxf576zcpshqhdjw4yh40000gn/T/fire_emu_37729.sock {"metadata":{"emulator":{"name":"functions"},"message":"[worker-us-central1-api-96b22636-0146-45dd-a4bb-2992bf212390]: Assigning socketPath: /var/folders/gm/ymr8qxf576zcpshqhdjw4yh40000gn/T/fire_emu_37729.sock"}}
[debug] [2021-06-27T04:20:59.197Z] [worker-us-central1-api-96b22636-0146-45dd-a4bb-2992bf212390]: BUSY {"metadata":{"emulator":{"name":"functions"},"message":"[worker-us-central1-api-96b22636-0146-45dd-a4bb-2992bf212390]: BUSY"}}
[debug] [2021-06-27T04:20:59.202Z] [runtime-status] [37729] Trigger "us-central1-api" has been found, beginning invocation! {"metadata":{"emulator":{"name":"functions"},"function":{"name":"us-central1-api"},"message":"[runtime-status] [37729] Trigger \"us-central1-api\" has been found, beginning invocation!"}}
[info] i  functions: Beginning execution of "us-central1-api" {"metadata":{"emulator":{"name":"functions"},"function":{"name":"us-central1-api"},"message":"Beginning execution of \"us-central1-api\""}}
[debug] [2021-06-27T04:20:59.203Z] [runtime-status] [37729] triggerDefinition {"httpsTrigger":{},"name":"api","entryPoint":"api","regions":["us-central1"],"region":"us-central1","id":"us-central1-api"} {"metadata":{"emulator":{"name":"functions"},"function":{"name":"us-central1-api"},"message":"[runtime-status] [37729] triggerDefinition {\"httpsTrigger\":{},\"name\":\"api\",\"entryPoint\":\"api\",\"regions\":[\"us-central1\"],\"region\":\"us-central1\",\"id\":\"us-central1-api\"}"}}
[debug] [2021-06-27T04:20:59.203Z] [runtime-status] [37729] Running us-central1-api in mode HTTPS {"metadata":{"emulator":{"name":"functions"},"function":{"name":"us-central1-api"},"message":"[runtime-status] [37729] Running us-central1-api in mode HTTPS"}}
[debug] [2021-06-27T04:20:59.203Z] [runtime-status] [37729] Attempting to listen to socketPath: /var/folders/gm/ymr8qxf576zcpshqhdjw4yh40000gn/T/fire_emu_37729.sock {"metadata":{"emulator":{"name":"functions"},"function":{"name":"us-central1-api"},"message":"[runtime-status] [37729] Attempting to listen to socketPath: /var/folders/gm/ymr8qxf576zcpshqhdjw4yh40000gn/T/fire_emu_37729.sock"}}
[debug] [2021-06-27T04:20:59.204Z] [functions] Runtime ready! Sending request! {"metadata":{"emulator":{"name":"functions"},"message":"[functions] Runtime ready! Sending request!"}}
[debug] [2021-06-27T04:20:59.204Z] [functions] Got req.url=/pell-mell/us-central1/api/payments/create?total=27099, mapping to path=/payments/create?total=27099 {"metadata":{"emulator":{"name":"functions"},"message":"[functions] Got req.url=/pell-mell/us-central1/api/payments/create?total=27099, mapping to path=/payments/create?total=27099"}}
[debug] [2021-06-27T04:20:59.220Z] [runtime-status] [37729] Ephemeral server handling POST request {"metadata":{"emulator":{"name":"functions"},"function":{"name":"us-central1-api"},"message":"[runtime-status] [37729] Ephemeral server handling POST request"}}
[debug] [2021-06-27T04:20:59.220Z] [runtime-status] [37729] Ephemeral server survived. {"metadata":{"emulator":{"name":"functions"},"function":{"name":"us-central1-api"},"message":"[runtime-status] [37729] Ephemeral server survived."}}
[info] >  Payment Request Received BOOM!!! for this amount >>>  27099 {"user":"Payment Request Received BOOM!!! for this amount >>>  27099","metadata":{"emulator":{"name":"functions"},"function":{"name":"us-central1-api"},"message":"\u001b[90m> \u001b[39m Payment Request Received BOOM!!! for this amount >>>  27099"}}
[info] i  functions: Finished "us-central1-api" in ~1s {"metadata":{"emulator":{"name":"functions"},"function":{"name":"us-central1-api"},"message":"Finished \"us-central1-api\" in ~1s"}}
[debug] [2021-06-27T04:20:59.568Z] [worker-us-central1-api-96b22636-0146-45dd-a4bb-2992bf212390]: IDLE {"metadata":{"emulator":{"name":"functions"},"message":"[worker-us-central1-api-96b22636-0146-45dd-a4bb-2992bf212390]: IDLE"}}
[debug] [2021-06-27T04:20:59.569Z] [work-queue] {"queueLength":0,"workRunningCount":0}
[debug] [2021-06-27T04:22:27.319Z] [work-queue] {"queueLength":1,"workRunningCount":0}
[debug] [2021-06-27T04:22:27.321Z] [work-queue] {"queueLength":0,"workRunningCount":1}
[debug] [2021-06-27T04:22:27.321Z] Accepted request POST /pell-mell/us-central1/api/payments/create?total=54198 --> us-central1-api
[debug] [2021-06-27T04:22:27.321Z] [worker-pool] submitWork(triggerId=us-central1-api) {"metadata":{"emulator":{"name":"functions"},"message":"[worker-pool] submitWork(triggerId=us-central1-api)"}}
[debug] [2021-06-27T04:22:27.321Z] [worker-us-central1-api-96b22636-0146-45dd-a4bb-2992bf212390]: Assigning socketPath: /var/folders/gm/ymr8qxf576zcpshqhdjw4yh40000gn/T/fire_emu_37729.sock {"metadata":{"emulator":{"name":"functions"},"message":"[worker-us-central1-api-96b22636-0146-45dd-a4bb-2992bf212390]: Assigning socketPath: /var/folders/gm/ymr8qxf576zcpshqhdjw4yh40000gn/T/fire_emu_37729.sock"}}
[debug] [2021-06-27T04:22:27.321Z] [worker-us-central1-api-96b22636-0146-45dd-a4bb-2992bf212390]: BUSY {"metadata":{"emulator":{"name":"functions"},"message":"[worker-us-central1-api-96b22636-0146-45dd-a4bb-2992bf212390]: BUSY"}}
[debug] [2021-06-27T04:22:27.326Z] [runtime-status] [37729] Trigger "us-central1-api" has been found, beginning invocation! {"metadata":{"emulator":{"name":"functions"},"function":{"name":"us-central1-api"},"message":"[runtime-status] [37729] Trigger \"us-central1-api\" has been found, beginning invocation!"}}
[info] i  functions: Beginning execution of "us-central1-api" {"metadata":{"emulator":{"name":"functions"},"function":{"name":"us-central1-api"},"message":"Beginning execution of \"us-central1-api\""}}
[debug] [2021-06-27T04:22:27.326Z] [runtime-status] [37729] triggerDefinition {"httpsTrigger":{},"name":"api","entryPoint":"api","regions":["us-central1"],"region":"us-central1","id":"us-central1-api"} {"metadata":{"emulator":{"name":"functions"},"function":{"name":"us-central1-api"},"message":"[runtime-status] [37729] triggerDefinition {\"httpsTrigger\":{},\"name\":\"api\",\"entryPoint\":\"api\",\"regions\":[\"us-central1\"],\"region\":\"us-central1\",\"id\":\"us-central1-api\"}"}}
[debug] [2021-06-27T04:22:27.326Z] [runtime-status] [37729] Running us-central1-api in mode HTTPS {"metadata":{"emulator":{"name":"functions"},"function":{"name":"us-central1-api"},"message":"[runtime-status] [37729] Running us-central1-api in mode HTTPS"}}
[debug] [2021-06-27T04:22:27.326Z] [runtime-status] [37729] Attempting to listen to socketPath: /var/folders/gm/ymr8qxf576zcpshqhdjw4yh40000gn/T/fire_emu_37729.sock {"metadata":{"emulator":{"name":"functions"},"function":{"name":"us-central1-api"},"message":"[runtime-status] [37729] Attempting to listen to socketPath: /var/folders/gm/ymr8qxf576zcpshqhdjw4yh40000gn/T/fire_emu_37729.sock"}}
[debug] [2021-06-27T04:22:27.327Z] [functions] Runtime ready! Sending request! {"metadata":{"emulator":{"name":"functions"},"message":"[functions] Runtime ready! Sending request!"}}
[debug] [2021-06-27T04:22:27.327Z] [functions] Got req.url=/pell-mell/us-central1/api/payments/create?total=54198, mapping to path=/payments/create?total=54198 {"metadata":{"emulator":{"name":"functions"},"message":"[functions] Got req.url=/pell-mell/us-central1/api/payments/create?total=54198, mapping to path=/payments/create?total=54198"}}
[debug] [2021-06-27T04:22:27.333Z] [runtime-status] [37729] Ephemeral server handling POST request {"metadata":{"emulator":{"name":"functions"},"function":{"name":"us-central1-api"},"message":"[runtime-status] [37729] Ephemeral server handling POST request"}}
[debug] [2021-06-27T04:22:27.333Z] [runtime-status] [37729] Ephemeral server survived. {"metadata":{"emulator":{"name":"functions"},"function":{"name":"us-central1-api"},"message":"[runtime-status] [37729] Ephemeral server survived."}}
[info] >  Payment Request Received BOOM!!! for this amount >>>  54198 {"user":"Payment Request Received BOOM!!! for this amount >>>  54198","metadata":{"emulator":{"name":"functions"},"function":{"name":"us-central1-api"},"message":"\u001b[90m> \u001b[39m Payment Request Received BOOM!!! for this amount >>>  54198"}}
[info] i  functions: Finished "us-central1-api" in ~1s {"metadata":{"emulator":{"name":"functions"},"function":{"name":"us-central1-api"},"message":"Finished \"us-central1-api\" in ~1s"}}
[debug] [2021-06-27T04:22:27.736Z] [worker-us-central1-api-96b22636-0146-45dd-a4bb-2992bf212390]: IDLE {"metadata":{"emulator":{"name":"functions"},"message":"[worker-us-central1-api-96b22636-0146-45dd-a4bb-2992bf212390]: IDLE"}}
[debug] [2021-06-27T04:22:27.737Z] [work-queue] {"queueLength":0,"workRunningCount":0}
[debug] [2021-06-27T04:24:11.500Z] [work-queue] {"queueLength":1,"workRunningCount":0}
[debug] [2021-06-27T04:24:11.501Z] [work-queue] {"queueLength":0,"workRunningCount":1}
[debug] [2021-06-27T04:24:11.501Z] Accepted request POST /pell-mell/us-central1/api/payments/create?total=9997 --> us-central1-api
[debug] [2021-06-27T04:24:11.502Z] [worker-pool] submitWork(triggerId=us-central1-api) {"metadata":{"emulator":{"name":"functions"},"message":"[worker-pool] submitWork(triggerId=us-central1-api)"}}
[debug] [2021-06-27T04:24:11.502Z] [worker-us-central1-api-96b22636-0146-45dd-a4bb-2992bf212390]: Assigning socketPath: /var/folders/gm/ymr8qxf576zcpshqhdjw4yh40000gn/T/fire_emu_37729.sock {"metadata":{"emulator":{"name":"functions"},"message":"[worker-us-central1-api-96b22636-0146-45dd-a4bb-2992bf212390]: Assigning socketPath: /var/folders/gm/ymr8qxf576zcpshqhdjw4yh40000gn/T/fire_emu_37729.sock"}}
[debug] [2021-06-27T04:24:11.502Z] [worker-us-central1-api-96b22636-0146-45dd-a4bb-2992bf212390]: BUSY {"metadata":{"emulator":{"name":"functions"},"message":"[worker-us-central1-api-96b22636-0146-45dd-a4bb-2992bf212390]: BUSY"}}
[debug] [2021-06-27T04:24:11.512Z] [runtime-status] [37729] Trigger "us-central1-api" has been found, beginning invocation! {"metadata":{"emulator":{"name":"functions"},"function":{"name":"us-central1-api"},"message":"[runtime-status] [37729] Trigger \"us-central1-api\" has been found, beginning invocation!"}}
[info] i  functions: Beginning execution of "us-central1-api" {"metadata":{"emulator":{"name":"functions"},"function":{"name":"us-central1-api"},"message":"Beginning execution of \"us-central1-api\""}}
[debug] [2021-06-27T04:24:11.513Z] [runtime-status] [37729] triggerDefinition {"httpsTrigger":{},"name":"api","entryPoint":"api","regions":["us-central1"],"region":"us-central1","id":"us-central1-api"} {"metadata":{"emulator":{"name":"functions"},"function":{"name":"us-central1-api"},"message":"[runtime-status] [37729] triggerDefinition {\"httpsTrigger\":{},\"name\":\"api\",\"entryPoint\":\"api\",\"regions\":[\"us-central1\"],\"region\":\"us-central1\",\"id\":\"us-central1-api\"}"}}
[debug] [2021-06-27T04:24:11.513Z] [runtime-status] [37729] Running us-central1-api in mode HTTPS {"metadata":{"emulator":{"name":"functions"},"function":{"name":"us-central1-api"},"message":"[runtime-status] [37729] Running us-central1-api in mode HTTPS"}}
[debug] [2021-06-27T04:24:11.513Z] [runtime-status] [37729] Attempting to listen to socketPath: /var/folders/gm/ymr8qxf576zcpshqhdjw4yh40000gn/T/fire_emu_37729.sock {"metadata":{"emulator":{"name":"functions"},"function":{"name":"us-central1-api"},"message":"[runtime-status] [37729] Attempting to listen to socketPath: /var/folders/gm/ymr8qxf576zcpshqhdjw4yh40000gn/T/fire_emu_37729.sock"}}
[debug] [2021-06-27T04:24:11.518Z] [functions] Runtime ready! Sending request! {"metadata":{"emulator":{"name":"functions"},"message":"[functions] Runtime ready! Sending request!"}}
[debug] [2021-06-27T04:24:11.518Z] [functions] Got req.url=/pell-mell/us-central1/api/payments/create?total=9997, mapping to path=/payments/create?total=9997 {"metadata":{"emulator":{"name":"functions"},"message":"[functions] Got req.url=/pell-mell/us-central1/api/payments/create?total=9997, mapping to path=/payments/create?total=9997"}}
[debug] [2021-06-27T04:24:11.527Z] [runtime-status] [37729] Ephemeral server handling POST request {"metadata":{"emulator":{"name":"functions"},"function":{"name":"us-central1-api"},"message":"[runtime-status] [37729] Ephemeral server handling POST request"}}
[debug] [2021-06-27T04:24:11.528Z] [runtime-status] [37729] Ephemeral server survived. {"metadata":{"emulator":{"name":"functions"},"function":{"name":"us-central1-api"},"message":"[runtime-status] [37729] Ephemeral server survived."}}
[info] >  Payment Request Received BOOM!!! for this amount >>>  9997 {"user":"Payment Request Received BOOM!!! for this amount >>>  9997","metadata":{"emulator":{"name":"functions"},"function":{"name":"us-central1-api"},"message":"\u001b[90m> \u001b[39m Payment Request Received BOOM!!! for this amount >>>  9997"}}
[info] i  functions: Finished "us-central1-api" in ~1s {"metadata":{"emulator":{"name":"functions"},"function":{"name":"us-central1-api"},"message":"Finished \"us-central1-api\" in ~1s"}}
[debug] [2021-06-27T04:24:11.879Z] [worker-us-central1-api-96b22636-0146-45dd-a4bb-2992bf212390]: IDLE {"metadata":{"emulator":{"name":"functions"},"message":"[worker-us-central1-api-96b22636-0146-45dd-a4bb-2992bf212390]: IDLE"}}
[debug] [2021-06-27T04:24:11.879Z] [work-queue] {"queueLength":0,"workRunningCount":0}
[debug] [2021-06-27T04:33:17.895Z] [work-queue] {"queueLength":1,"workRunningCount":0}
[debug] [2021-06-27T04:33:17.895Z] [work-queue] {"queueLength":0,"workRunningCount":1}
[debug] [2021-06-27T04:33:17.895Z] Accepted request POST /pell-mell/us-central1/api/payments/create?total=13000 --> us-central1-api
[debug] [2021-06-27T04:33:17.895Z] [worker-pool] submitWork(triggerId=us-central1-api) {"metadata":{"emulator":{"name":"functions"},"message":"[worker-pool] submitWork(triggerId=us-central1-api)"}}
[debug] [2021-06-27T04:33:17.897Z] [worker-us-central1-api-96b22636-0146-45dd-a4bb-2992bf212390]: Assigning socketPath: /var/folders/gm/ymr8qxf576zcpshqhdjw4yh40000gn/T/fire_emu_37729.sock {"metadata":{"emulator":{"name":"functions"},"message":"[worker-us-central1-api-96b22636-0146-45dd-a4bb-2992bf212390]: Assigning socketPath: /var/folders/gm/ymr8qxf576zcpshqhdjw4yh40000gn/T/fire_emu_37729.sock"}}
[debug] [2021-06-27T04:33:17.897Z] [worker-us-central1-api-96b22636-0146-45dd-a4bb-2992bf212390]: BUSY {"metadata":{"emulator":{"name":"functions"},"message":"[worker-us-central1-api-96b22636-0146-45dd-a4bb-2992bf212390]: BUSY"}}
[debug] [2021-06-27T04:33:17.905Z] [runtime-status] [37729] Trigger "us-central1-api" has been found, beginning invocation! {"metadata":{"emulator":{"name":"functions"},"function":{"name":"us-central1-api"},"message":"[runtime-status] [37729] Trigger \"us-central1-api\" has been found, beginning invocation!"}}
[info] i  functions: Beginning execution of "us-central1-api" {"metadata":{"emulator":{"name":"functions"},"function":{"name":"us-central1-api"},"message":"Beginning execution of \"us-central1-api\""}}
[debug] [2021-06-27T04:33:17.907Z] [runtime-status] [37729] triggerDefinition {"httpsTrigger":{},"name":"api","entryPoint":"api","regions":["us-central1"],"region":"us-central1","id":"us-central1-api"} {"metadata":{"emulator":{"name":"functions"},"function":{"name":"us-central1-api"},"message":"[runtime-status] [37729] triggerDefinition {\"httpsTrigger\":{},\"name\":\"api\",\"entryPoint\":\"api\",\"regions\":[\"us-central1\"],\"region\":\"us-central1\",\"id\":\"us-central1-api\"}"}}
[debug] [2021-06-27T04:33:17.907Z] [runtime-status] [37729] Running us-central1-api in mode HTTPS {"metadata":{"emulator":{"name":"functions"},"function":{"name":"us-central1-api"},"message":"[runtime-status] [37729] Running us-central1-api in mode HTTPS"}}
[debug] [2021-06-27T04:33:17.907Z] [runtime-status] [37729] Attempting to listen to socketPath: /var/folders/gm/ymr8qxf576zcpshqhdjw4yh40000gn/T/fire_emu_37729.sock {"metadata":{"emulator":{"name":"functions"},"function":{"name":"us-central1-api"},"message":"[runtime-status] [37729] Attempting to listen to socketPath: /var/folders/gm/ymr8qxf576zcpshqhdjw4yh40000gn/T/fire_emu_37729.sock"}}
[debug] [2021-06-27T04:33:17.909Z] [functions] Runtime ready! Sending request! {"metadata":{"emulator":{"name":"functions"},"message":"[functions] Runtime ready! Sending request!"}}
[debug] [2021-06-27T04:33:17.909Z] [functions] Got req.url=/pell-mell/us-central1/api/payments/create?total=13000, mapping to path=/payments/create?total=13000 {"metadata":{"emulator":{"name":"functions"},"message":"[functions] Got req.url=/pell-mell/us-central1/api/payments/create?total=13000, mapping to path=/payments/create?total=13000"}}
[debug] [2021-06-27T04:33:17.916Z] [runtime-status] [37729] Ephemeral server handling POST request {"metadata":{"emulator":{"name":"functions"},"function":{"name":"us-central1-api"},"message":"[runtime-status] [37729] Ephemeral server handling POST request"}}
[debug] [2021-06-27T04:33:17.916Z] [runtime-status] [37729] Ephemeral server survived. {"metadata":{"emulator":{"name":"functions"},"function":{"name":"us-central1-api"},"message":"[runtime-status] [37729] Ephemeral server survived."}}
[info] >  Payment Request Received BOOM!!! for this amount >>>  13000 {"user":"Payment Request Received BOOM!!! for this amount >>>  13000","metadata":{"emulator":{"name":"functions"},"function":{"name":"us-central1-api"},"message":"\u001b[90m> \u001b[39m Payment Request Received BOOM!!! for this amount >>>  13000"}}
[info] i  functions: Finished "us-central1-api" in ~1s {"metadata":{"emulator":{"name":"functions"},"function":{"name":"us-central1-api"},"message":"Finished \"us-central1-api\" in ~1s"}}
[debug] [2021-06-27T04:33:18.246Z] [worker-us-central1-api-96b22636-0146-45dd-a4bb-2992bf212390]: IDLE {"metadata":{"emulator":{"name":"functions"},"message":"[worker-us-central1-api-96b22636-0146-45dd-a4bb-2992bf212390]: IDLE"}}
[debug] [2021-06-27T04:33:18.246Z] [work-queue] {"queueLength":0,"workRunningCount":0}
